[debug] [2018-11-24T18:30:53.521Z] ----------------------------------------------------------------------
[debug] [2018-11-24T18:30:53.524Z] Command:       /usr/local/Cellar/node/10.8.0/bin/node /usr/local/bin/firebase serve
[debug] [2018-11-24T18:30:53.524Z] CLI Version:   6.1.1
[debug] [2018-11-24T18:30:53.524Z] Platform:      darwin
[debug] [2018-11-24T18:30:53.524Z] Node Version:  v10.8.0
[debug] [2018-11-24T18:30:53.526Z] Time:          Sat Nov 24 2018 12:30:53 GMT-0600 (Central Standard Time)
[debug] [2018-11-24T18:30:53.526Z] ----------------------------------------------------------------------
[debug] 
[debug] [2018-11-24T18:30:53.537Z] > command requires scopes: ["email","openid","https://www.googleapis.com/auth/cloudplatformprojects.readonly","https://www.googleapis.com/auth/firebase","https://www.googleapis.com/auth/cloud-platform"]
[debug] [2018-11-24T18:30:53.538Z] > authorizing via signed-in user
[debug] [2018-11-24T18:30:53.538Z] [iam] checking project new-portfolio-77ee0 for permissions ["firebase.projects.get"]
[debug] [2018-11-24T18:30:53.540Z] >>> HTTP REQUEST POST https://cloudresourcemanager.googleapis.com/v1/projects/new-portfolio-77ee0:testIamPermissions  

[debug] [2018-11-24T18:30:53.744Z] <<< HTTP RESPONSE 200
[debug] [2018-11-24T18:30:53.746Z] >>> HTTP REQUEST GET https://cloudresourcemanager.googleapis.com/v1/projects/new-portfolio-77ee0  
 
[debug] [2018-11-24T18:30:53.916Z] <<< HTTP RESPONSE 200
[info] 
[info] === Serving from '/Users/princetonevans/Desktop/webStoreAll/webStore'...
[info] 
[debug] [2018-11-24T18:30:53.919Z] >>> HTTP REQUEST GET https://mobilesdk-pa.googleapis.com/v1/projects/328132836551/clients/_:getWebAppConfig  
 
[debug] [2018-11-24T18:30:54.164Z] <<< HTTP RESPONSE 200
[info] i  hosting: Serving hosting files from: dist/webStore
[info] ✔  hosting: Local server: http://localhost:5000
